<?xml version="1.0" encoding="UTF-8"?>
<testsuite xmlns:xsi="http://www.w3.org/2001/XMLSchema-instance" xsi:noNamespaceSchemaLocation="https://maven.apache.org/surefire/maven-surefire-plugin/xsd/surefire-test-report.xsd" name="ca.carleton.comp.Part1Test" time="0.075" tests="26" errors="0" skipped="0" failures="0">
  <properties>
    <property name="java.specification.version" value="13"/>
    <property name="sun.jnu.encoding" value="UTF-8"/>
    <property name="java.class.path" value="/home/kevin/repo/java/COMP5104/client/target/test-classes:/home/kevin/repo/java/COMP5104/client/target/classes:/home/kevin/.m2/repository/junit/junit/4.11/junit-4.11.jar:/home/kevin/.m2/repository/org/hamcrest/hamcrest-core/1.3/hamcrest-core-1.3.jar:"/>
    <property name="java.vm.vendor" value="Oracle Corporation"/>
    <property name="sun.arch.data.model" value="64"/>
    <property name="java.vendor.url" value="https://java.oracle.com/"/>
    <property name="os.name" value="Linux"/>
    <property name="java.vm.specification.version" value="13"/>
    <property name="sun.java.launcher" value="SUN_STANDARD"/>
    <property name="user.country" value="CA"/>
    <property name="sun.boot.library.path" value="/usr/lib/jvm/java-13-oracle/lib"/>
    <property name="sun.java.command" value="/home/kevin/repo/java/COMP5104/client/target/surefire/surefirebooter8820477416571895058.jar /home/kevin/repo/java/COMP5104/client/target/surefire 2020-09-29T00-59-28_096-jvmRun1 surefire13978513882512986134tmp surefire_012348497979308060470tmp"/>
    <property name="jdk.debug" value="release"/>
    <property name="surefire.test.class.path" value="/home/kevin/repo/java/COMP5104/client/target/test-classes:/home/kevin/repo/java/COMP5104/client/target/classes:/home/kevin/.m2/repository/junit/junit/4.11/junit-4.11.jar:/home/kevin/.m2/repository/org/hamcrest/hamcrest-core/1.3/hamcrest-core-1.3.jar:"/>
    <property name="sun.cpu.endian" value="little"/>
    <property name="user.home" value="/home/kevin"/>
    <property name="user.language" value="en"/>
    <property name="java.specification.vendor" value="Oracle Corporation"/>
    <property name="java.version.date" value="2020-01-14"/>
    <property name="java.home" value="/usr/lib/jvm/java-13-oracle"/>
    <property name="file.separator" value="/"/>
    <property name="basedir" value="/home/kevin/repo/java/COMP5104/client"/>
    <property name="java.vm.compressedOopsMode" value="Zero based"/>
    <property name="line.separator" value="&#10;"/>
    <property name="java.vm.specification.vendor" value="Oracle Corporation"/>
    <property name="java.specification.name" value="Java Platform API Specification"/>
    <property name="surefire.real.class.path" value="/home/kevin/repo/java/COMP5104/client/target/surefire/surefirebooter8820477416571895058.jar"/>
    <property name="sun.management.compiler" value="HotSpot 64-Bit Tiered Compilers"/>
    <property name="java.runtime.version" value="13.0.2+8"/>
    <property name="user.name" value="kevin"/>
    <property name="path.separator" value=":"/>
    <property name="os.version" value="5.4.0-48-generic"/>
    <property name="java.runtime.name" value="Java(TM) SE Runtime Environment"/>
    <property name="file.encoding" value="UTF-8"/>
    <property name="java.vm.name" value="Java HotSpot(TM) 64-Bit Server VM"/>
    <property name="localRepository" value="/home/kevin/.m2/repository"/>
    <property name="java.vendor.url.bug" value="https://bugreport.java.com/bugreport/"/>
    <property name="java.io.tmpdir" value="/tmp"/>
    <property name="java.version" value="13.0.2"/>
    <property name="user.dir" value="/home/kevin/repo/java/COMP5104/client"/>
    <property name="os.arch" value="amd64"/>
    <property name="java.vm.specification.name" value="Java Virtual Machine Specification"/>
    <property name="java.library.path" value="/usr/java/packages/lib:/usr/lib64:/lib64:/lib:/usr/lib"/>
    <property name="java.vm.info" value="mixed mode, sharing"/>
    <property name="java.vendor" value="Oracle Corporation"/>
    <property name="java.vm.version" value="13.0.2+8"/>
    <property name="sun.io.unicode.encoding" value="UnicodeLittle"/>
    <property name="java.class.version" value="57.0"/>
  </properties>
  <testcase name="score48Test" classname="ca.carleton.comp.Part1Test" time="0.004"/>
  <testcase name="score49Test" classname="ca.carleton.comp.Part1Test" time="0"/>
  <testcase name="score50Test" classname="ca.carleton.comp.Part1Test" time="0.001"/>
  <testcase name="score51Test" classname="ca.carleton.comp.Part1Test" time="0.001"/>
  <testcase name="score53Test" classname="ca.carleton.comp.Part1Test" time="0.001"/>
  <testcase name="score54Test" classname="ca.carleton.comp.Part1Test" time="0"/>
  <testcase name="score55Test" classname="ca.carleton.comp.Part1Test" time="0"/>
  <testcase name="score56Test" classname="ca.carleton.comp.Part1Test" time="0"/>
  <testcase name="score57Test" classname="ca.carleton.comp.Part1Test" time="0.001"/>
  <testcase name="score58Test" classname="ca.carleton.comp.Part1Test" time="0.001"/>
  <testcase name="score59Test" classname="ca.carleton.comp.Part1Test" time="0.001"/>
  <testcase name="score60Test" classname="ca.carleton.comp.Part1Test" time="0"/>
  <testcase name="score61Test" classname="ca.carleton.comp.Part1Test" time="0"/>
  <testcase name="score62Test" classname="ca.carleton.comp.Part1Test" time="0"/>
  <testcase name="score63Test" classname="ca.carleton.comp.Part1Test" time="0"/>
  <testcase name="score64Test" classname="ca.carleton.comp.Part1Test" time="0.002"/>
  <testcase name="score65Test" classname="ca.carleton.comp.Part1Test" time="0.001"/>
  <testcase name="score66Test" classname="ca.carleton.comp.Part1Test" time="0.001"/>
  <testcase name="score67Test" classname="ca.carleton.comp.Part1Test" time="0.001"/>
  <testcase name="score68Test" classname="ca.carleton.comp.Part1Test" time="0.001"/>
  <testcase name="score69Test" classname="ca.carleton.comp.Part1Test" time="0.001"/>
  <testcase name="score70Test" classname="ca.carleton.comp.Part1Test" time="0.001"/>
  <testcase name="score71Test" classname="ca.carleton.comp.Part1Test" time="0"/>
  <testcase name="score72Test" classname="ca.carleton.comp.Part1Test" time="0"/>
  <testcase name="score73Test" classname="ca.carleton.comp.Part1Test" time="0.001"/>
  <testcase name="score75Test" classname="ca.carleton.comp.Part1Test" time="0"/>
</testsuite>